ERC report (2026-01-18T22:05:37-0800, Encoding UTF8)

***** Sheet /
[pin_not_connected]: Pin not connected
    ; error
    @(5200 mils, 4150 mils): Symbol U1 Pin 1 [GPIO26/ADC0/A0, Passive, Line]
[pin_not_connected]: Pin not connected
    ; error
    @(5200 mils, 4750 mils): Symbol U1 Pin 5 [GPIO6/SDA, Passive, Line]
[power_pin_not_driven]: Input Power pin not driven by any Output Power pins
    ; error
    @(4000 mils, 5800 mils): Symbol #PWR01 Pin 1 [Power input, Line]
[power_pin_not_driven]: Input Power pin not driven by any Output Power pins
    ; error
    @(6600 mils, 4150 mils): Symbol #PWR03 Pin 1 [Power input, Line]
[pin_not_connected]: Pin not connected
    ; error
    @(6600 mils, 4450 mils): Symbol U1 Pin 12 [3V3, Passive, Line]
[lib_symbol_issues]: The current configuration does not include the symbol library 'Seeed_Studio_XIAO_Series'
    ; warning
    @(5350 mils, 3950 mils): Symbol U1 [XIAO-RP2040-DIP]

 ** ERC messages: 6  Errors 5  Warnings 1
